c:\users\christofer lamb\documents\visual studio 2015\projects\section_02\bullcowgame\debug\vc140.pdb
c:\users\christofer lamb\documents\visual studio 2015\projects\section_02\bullcowgame\debug\vc140.idb
c:\users\christofer lamb\documents\visual studio 2015\projects\section_02\bullcowgame\debug\fbullcowgame.obj
c:\users\christofer lamb\documents\visual studio 2015\projects\section_02\bullcowgame\debug\main.obj
c:\users\christofer lamb\documents\visual studio 2015\projects\section_02\debug\bullcowgame.pdb
c:\users\christofer lamb\documents\visual studio 2015\projects\section_02\bullcowgame\debug\bullcowgame.tlog\cl.command.1.tlog
c:\users\christofer lamb\documents\visual studio 2015\projects\section_02\bullcowgame\debug\bullcowgame.tlog\cl.read.1.tlog
c:\users\christofer lamb\documents\visual studio 2015\projects\section_02\bullcowgame\debug\bullcowgame.tlog\cl.write.1.tlog
c:\users\christofer lamb\documents\visual studio 2015\projects\section_02\bullcowgame\debug\bullcowgame.tlog\link-cvtres.read.1.tlog
c:\users\christofer lamb\documents\visual studio 2015\projects\section_02\bullcowgame\debug\bullcowgame.tlog\link-cvtres.write.1.tlog
c:\users\christofer lamb\documents\visual studio 2015\projects\section_02\bullcowgame\debug\bullcowgame.tlog\link-rc.read.1.tlog
c:\users\christofer lamb\documents\visual studio 2015\projects\section_02\bullcowgame\debug\bullcowgame.tlog\link-rc.write.1.tlog
c:\users\christofer lamb\documents\visual studio 2015\projects\section_02\bullcowgame\debug\bullcowgame.tlog\link.13684-cvtres.read.1.tlog
c:\users\christofer lamb\documents\visual studio 2015\projects\section_02\bullcowgame\debug\bullcowgame.tlog\link.13684-cvtres.write.1.tlog
c:\users\christofer lamb\documents\visual studio 2015\projects\section_02\bullcowgame\debug\bullcowgame.tlog\link.13684-rc.read.1.tlog
c:\users\christofer lamb\documents\visual studio 2015\projects\section_02\bullcowgame\debug\bullcowgame.tlog\link.13684-rc.write.1.tlog
c:\users\christofer lamb\documents\visual studio 2015\projects\section_02\bullcowgame\debug\bullcowgame.tlog\link.13684.read.1.tlog
c:\users\christofer lamb\documents\visual studio 2015\projects\section_02\bullcowgame\debug\bullcowgame.tlog\link.13684.write.1.tlog
c:\users\christofer lamb\documents\visual studio 2015\projects\section_02\bullcowgame\debug\bullcowgame.tlog\link.command.1.tlog
c:\users\christofer lamb\documents\visual studio 2015\projects\section_02\bullcowgame\debug\bullcowgame.tlog\link.read.1.tlog
c:\users\christofer lamb\documents\visual studio 2015\projects\section_02\bullcowgame\debug\bullcowgame.tlog\link.write.1.tlog
